<?xml version="1.0" encoding="UTF-8"?>
<!-- Generated by org.testng.reporters.JUnitReportReporter -->
<testsuite hostname="LAPTOP-RO4BTAG3" failures="0" tests="2" name="com.DemoQA.testcases.TC_03_Elemets_RadioButton" time="10.274" errors="0" timestamp="2023-11-08T01:00:51 IST" skipped="0">
  <testcase classname="com.DemoQA.testcases.TC_03_Elemets_RadioButton" name="test_elemets_YES_radio_button" time="5.156"/>
  <testcase classname="com.DemoQA.testcases.TC_03_Elemets_RadioButton" name="test_elemets_Impressive_radio_button" time="5.118"/>
</testsuite> <!-- com.DemoQA.testcases.TC_03_Elemets_RadioButton -->
