<?xml version="1.0" encoding="UTF-8"?>
<!-- Generated by org.testng.reporters.JUnitReportReporter -->
<testsuite hostname="LAPTOP-RO4BTAG3" failures="0" tests="3" name="com.DemoQA.testcases.TC_04_Elements_Buttons" time="4.718" errors="0" timestamp="2023-11-08T01:00:51 IST" skipped="0">
  <testcase classname="com.DemoQA.testcases.TC_04_Elements_Buttons" name="test_Double_click" time="1.330"/>
  <testcase classname="com.DemoQA.testcases.TC_04_Elements_Buttons" name="test_Right_click" time="1.322"/>
  <testcase classname="com.DemoQA.testcases.TC_04_Elements_Buttons" name="test_click_ME" time="2.066"/>
</testsuite> <!-- com.DemoQA.testcases.TC_04_Elements_Buttons -->
