<?xml version="1.0" encoding="UTF-8"?>
<!-- Generated by org.testng.reporters.JUnitReportReporter -->
<testsuite hostname="LAPTOP-RO4BTAG3" failures="0" tests="1" name="com.DemoQA.testcases.TC_02_Elements_TextBOX_InvalidEmail_Field" time="0.335" errors="0" timestamp="2023-11-08T01:00:51 IST" skipped="0">
  <testcase classname="com.DemoQA.testcases.TC_02_Elements_TextBOX_InvalidEmail_Field" name="test_Elements_TextBOX_InvalidEmail_Field" time="0.335"/>
</testsuite> <!-- com.DemoQA.testcases.TC_02_Elements_TextBOX_InvalidEmail_Field -->
