<?xml version="1.0" encoding="UTF-8"?>
<!-- Generated by org.testng.reporters.JUnitReportReporter -->
<testsuite hostname="LAPTOP-RO4BTAG3" failures="0" tests="2" name="com.DemoQA.testcases.TC_05_Elements_Links" time="2.998" errors="0" timestamp="2023-11-08T22:01:43 IST" skipped="0">
  <testcase classname="com.DemoQA.testcases.TC_05_Elements_Links" name="test_HomePG_Link" time="2.662"/>
  <testcase classname="com.DemoQA.testcases.TC_05_Elements_Links" name="test_HomePG_DynamicLink" time="0.336"/>
</testsuite> <!-- com.DemoQA.testcases.TC_05_Elements_Links -->
