<?xml version="1.0" encoding="UTF-8"?>
<!-- Generated by org.testng.reporters.JUnitReportReporter -->
<testsuite hostname="LAPTOP-RO4BTAG3" failures="0" tests="1" name="com.DemoQA.testcases.TC_01_Elements_TextBOX" time="0.468" errors="0" timestamp="2023-11-08T22:01:43 IST" skipped="0">
  <testcase classname="com.DemoQA.testcases.TC_01_Elements_TextBOX" name="test_elements_text_box" time="0.468"/>
</testsuite> <!-- com.DemoQA.testcases.TC_01_Elements_TextBOX -->
